<?xml version="1.0" encoding="UTF-8"?>
<!-- Generated by org.testng.reporters.JUnitXMLReporter -->
<testsuite ignored="1" hostname="DESKTOP-NC69U8O" failures="0" tests="1" name="Default test" time="9.149" errors="0" timestamp="2026-04-10T20:29:22 MDT">
  <testcase classname="com.jerrytest.tests.LoginTest" name="validLoginTest" time="0.61"/>
  <testcase classname="com.jerrytest.tests.LoginTest" name="invalidLoginTest" time="0.0">
    <ignored/>
  </testcase> <!-- invalidLoginTest -->
</testsuite> <!-- Default test -->
