<?xml version="1.0" encoding="UTF-8"?>
<testng-results ignored="0" total="1" passed="1" failed="0" skipped="0">
  <reporter-output>
  </reporter-output>
  <suite started-at="2026-04-10T20:29:13 MDT" name="Default suite" finished-at="2026-04-10T20:29:22 MDT" duration-ms="9149">
    <groups>
    </groups>
    <test started-at="2026-04-10T20:29:13 MDT" name="Default test" finished-at="2026-04-10T20:29:22 MDT" duration-ms="9149">
      <class name="com.jerrytest.tests.LoginTest">
        <test-method is-config="true" signature="setUp()[pri:0, instance:com.jerrytest.tests.LoginTest@5656be13]" started-at="2026-04-10T20:29:13 MDT" name="setUp" finished-at="2026-04-10T20:29:21 MDT" duration-ms="8251" status="PASS">
          <reporter-output>
          </reporter-output>
        </test-method> <!-- setUp -->
        <test-method signature="validLoginTest()[pri:0, instance:com.jerrytest.tests.LoginTest@5656be13]" started-at="2026-04-10T20:29:21 MDT" name="validLoginTest" finished-at="2026-04-10T20:29:22 MDT" duration-ms="610" status="PASS">
          <reporter-output>
          </reporter-output>
        </test-method> <!-- validLoginTest -->
        <test-method is-config="true" signature="tearDown()[pri:0, instance:com.jerrytest.tests.LoginTest@5656be13]" started-at="2026-04-10T20:29:22 MDT" name="tearDown" finished-at="2026-04-10T20:29:22 MDT" duration-ms="217" status="PASS">
          <reporter-output>
          </reporter-output>
        </test-method> <!-- tearDown -->
      </class> <!-- com.jerrytest.tests.LoginTest -->
    </test> <!-- Default test -->
  </suite> <!-- Default suite -->
</testng-results>
