<?xml version="1.0" encoding="UTF-8"?>
<testng-results ignored="0" total="3" passed="1" failed="2" skipped="0">
  <reporter-output>
  </reporter-output>
  <suite started-at="2026-04-13T12:56:13 MDT" name="Default suite" finished-at="2026-04-13T12:56:22 MDT" duration-ms="8514">
    <groups>
    </groups>
    <test started-at="2026-04-13T12:56:13 MDT" name="Default test" finished-at="2026-04-13T12:56:22 MDT" duration-ms="8514">
      <class name="com.jerrytest.tests.tests.InventoryTest">
        <test-method is-config="true" signature="setUp()[pri:0, instance:com.jerrytest.tests.tests.InventoryTest@3270d194]" started-at="2026-04-13T12:56:13 MDT" name="setUp" finished-at="2026-04-13T12:56:16 MDT" duration-ms="2557" status="PASS">
          <reporter-output>
          </reporter-output>
        </test-method> <!-- setUp -->
        <test-method is-config="true" signature="setUpInventoryPage()[pri:0, instance:com.jerrytest.tests.tests.InventoryTest@3270d194]" started-at="2026-04-13T12:56:16 MDT" name="setUpInventoryPage" finished-at="2026-04-13T12:56:16 MDT" duration-ms="510" status="PASS">
          <reporter-output>
          </reporter-output>
        </test-method> <!-- setUpInventoryPage -->
        <test-method signature="addItemsToCartTest()[pri:0, instance:com.jerrytest.tests.tests.InventoryTest@3270d194]" started-at="2026-04-13T12:56:16 MDT" name="addItemsToCartTest" finished-at="2026-04-13T12:56:17 MDT" duration-ms="402" status="FAIL">
          <exception class="java.lang.AssertionError">
            <message>
              <![CDATA[expected [2] but found [3]]]>
            </message>
            <full-stacktrace>
              <![CDATA[java.lang.AssertionError: expected [2] but found [3]
at org.testng.Assert.fail(Assert.java:111)
at org.testng.Assert.failNotEquals(Assert.java:1578)
at org.testng.Assert.assertEqualsImpl(Assert.java:150)
at org.testng.Assert.assertEquals(Assert.java:132)
at org.testng.Assert.assertEquals(Assert.java:1419)
at org.testng.Assert.assertEquals(Assert.java:1383)
at org.testng.Assert.assertEquals(Assert.java:1429)
at com.jerrytest.tests.tests.InventoryTest.addItemsToCartTest(InventoryTest.java:43)
at java.base/jdk.internal.reflect.DirectMethodHandleAccessor.invoke(DirectMethodHandleAccessor.java:103)
at java.base/java.lang.reflect.Method.invoke(Method.java:580)
at org.testng.internal.invokers.MethodInvocationHelper.invokeMethod(MethodInvocationHelper.java:141)
at org.testng.internal.invokers.TestInvoker.invokeMethod(TestInvoker.java:686)
at org.testng.internal.invokers.TestInvoker.invokeTestMethod(TestInvoker.java:230)
at org.testng.internal.invokers.MethodRunner.runInSequence(MethodRunner.java:63)
at org.testng.internal.invokers.TestInvoker$MethodInvocationAgent.invoke(TestInvoker.java:992)
at org.testng.internal.invokers.TestInvoker.invokeTestMethods(TestInvoker.java:203)
at org.testng.internal.invokers.TestMethodWorker.invokeTestMethods(TestMethodWorker.java:154)
at org.testng.internal.invokers.TestMethodWorker.run(TestMethodWorker.java:134)
at java.base/java.util.ArrayList.forEach(ArrayList.java:1596)
at org.testng.TestRunner.privateRun(TestRunner.java:739)
at org.testng.TestRunner.run(TestRunner.java:614)
at org.testng.SuiteRunner.runTest(SuiteRunner.java:421)
at org.testng.SuiteRunner.runSequentially(SuiteRunner.java:413)
at org.testng.SuiteRunner.privateRun(SuiteRunner.java:373)
at org.testng.SuiteRunner.run(SuiteRunner.java:312)
at org.testng.SuiteRunnerWorker.runSuite(SuiteRunnerWorker.java:52)
at org.testng.SuiteRunnerWorker.run(SuiteRunnerWorker.java:95)
at org.testng.TestNG.runSuitesSequentially(TestNG.java:1274)
at org.testng.TestNG.runSuitesLocally(TestNG.java:1208)
at org.testng.TestNG.runSuites(TestNG.java:1112)
at org.testng.TestNG.run(TestNG.java:1079)
at org.testng.remote.AbstractRemoteTestNG.run(AbstractRemoteTestNG.java:115)
at org.testng.remote.RemoteTestNG.initAndRun(RemoteTestNG.java:293)
at org.testng.remote.RemoteTestNG.main(RemoteTestNG.java:91)
]]>
            </full-stacktrace>
          </exception> <!-- java.lang.AssertionError -->
          <reporter-output>
          </reporter-output>
        </test-method> <!-- addItemsToCartTest -->
        <test-method is-config="true" signature="tearDown()[pri:0, instance:com.jerrytest.tests.tests.InventoryTest@3270d194]" started-at="2026-04-13T12:56:17 MDT" name="tearDown" finished-at="2026-04-13T12:56:17 MDT" duration-ms="234" status="PASS">
          <reporter-output>
          </reporter-output>
        </test-method> <!-- tearDown -->
        <test-method is-config="true" signature="setUp()[pri:0, instance:com.jerrytest.tests.tests.InventoryTest@3270d194]" started-at="2026-04-13T12:56:17 MDT" name="setUp" finished-at="2026-04-13T12:56:19 MDT" duration-ms="1442" status="PASS">
          <reporter-output>
          </reporter-output>
        </test-method> <!-- setUp -->
        <test-method is-config="true" signature="setUpInventoryPage()[pri:0, instance:com.jerrytest.tests.tests.InventoryTest@3270d194]" started-at="2026-04-13T12:56:19 MDT" name="setUpInventoryPage" finished-at="2026-04-13T12:56:19 MDT" duration-ms="474" status="PASS">
          <reporter-output>
          </reporter-output>
        </test-method> <!-- setUpInventoryPage -->
        <test-method signature="productsTitleShouldBeVisible()[pri:0, instance:com.jerrytest.tests.tests.InventoryTest@3270d194]" started-at="2026-04-13T12:56:19 MDT" name="productsTitleShouldBeVisible" finished-at="2026-04-13T12:56:19 MDT" duration-ms="54" status="PASS">
          <reporter-output>
          </reporter-output>
        </test-method> <!-- productsTitleShouldBeVisible -->
        <test-method is-config="true" signature="tearDown()[pri:0, instance:com.jerrytest.tests.tests.InventoryTest@3270d194]" started-at="2026-04-13T12:56:19 MDT" name="tearDown" finished-at="2026-04-13T12:56:19 MDT" duration-ms="191" status="PASS">
          <reporter-output>
          </reporter-output>
        </test-method> <!-- tearDown -->
        <test-method is-config="true" signature="setUp()[pri:0, instance:com.jerrytest.tests.tests.InventoryTest@3270d194]" started-at="2026-04-13T12:56:19 MDT" name="setUp" finished-at="2026-04-13T12:56:21 MDT" duration-ms="1510" status="PASS">
          <reporter-output>
          </reporter-output>
        </test-method> <!-- setUp -->
        <test-method is-config="true" signature="setUpInventoryPage()[pri:0, instance:com.jerrytest.tests.tests.InventoryTest@3270d194]" started-at="2026-04-13T12:56:21 MDT" name="setUpInventoryPage" finished-at="2026-04-13T12:56:21 MDT" duration-ms="447" status="PASS">
          <reporter-output>
          </reporter-output>
        </test-method> <!-- setUpInventoryPage -->
        <test-method signature="removeItemFromCart()[pri:0, instance:com.jerrytest.tests.tests.InventoryTest@3270d194]" started-at="2026-04-13T12:56:21 MDT" name="removeItemFromCart" finished-at="2026-04-13T12:56:22 MDT" duration-ms="413" status="FAIL">
          <exception class="java.lang.AssertionError">
            <message>
              <![CDATA[expected [3] but found [2]]]>
            </message>
            <full-stacktrace>
              <![CDATA[java.lang.AssertionError: expected [3] but found [2]
at org.testng.Assert.fail(Assert.java:111)
at org.testng.Assert.failNotEquals(Assert.java:1578)
at org.testng.Assert.assertEqualsImpl(Assert.java:150)
at org.testng.Assert.assertEquals(Assert.java:132)
at org.testng.Assert.assertEquals(Assert.java:1419)
at org.testng.Assert.assertEquals(Assert.java:1383)
at org.testng.Assert.assertEquals(Assert.java:1429)
at com.jerrytest.tests.tests.InventoryTest.removeItemFromCart(InventoryTest.java:57)
at java.base/jdk.internal.reflect.DirectMethodHandleAccessor.invoke(DirectMethodHandleAccessor.java:103)
at java.base/java.lang.reflect.Method.invoke(Method.java:580)
at org.testng.internal.invokers.MethodInvocationHelper.invokeMethod(MethodInvocationHelper.java:141)
at org.testng.internal.invokers.TestInvoker.invokeMethod(TestInvoker.java:686)
at org.testng.internal.invokers.TestInvoker.invokeTestMethod(TestInvoker.java:230)
at org.testng.internal.invokers.MethodRunner.runInSequence(MethodRunner.java:63)
at org.testng.internal.invokers.TestInvoker$MethodInvocationAgent.invoke(TestInvoker.java:992)
at org.testng.internal.invokers.TestInvoker.invokeTestMethods(TestInvoker.java:203)
at org.testng.internal.invokers.TestMethodWorker.invokeTestMethods(TestMethodWorker.java:154)
at org.testng.internal.invokers.TestMethodWorker.run(TestMethodWorker.java:134)
at java.base/java.util.ArrayList.forEach(ArrayList.java:1596)
at org.testng.TestRunner.privateRun(TestRunner.java:739)
at org.testng.TestRunner.run(TestRunner.java:614)
at org.testng.SuiteRunner.runTest(SuiteRunner.java:421)
at org.testng.SuiteRunner.runSequentially(SuiteRunner.java:413)
at org.testng.SuiteRunner.privateRun(SuiteRunner.java:373)
at org.testng.SuiteRunner.run(SuiteRunner.java:312)
at org.testng.SuiteRunnerWorker.runSuite(SuiteRunnerWorker.java:52)
at org.testng.SuiteRunnerWorker.run(SuiteRunnerWorker.java:95)
at org.testng.TestNG.runSuitesSequentially(TestNG.java:1274)
at org.testng.TestNG.runSuitesLocally(TestNG.java:1208)
at org.testng.TestNG.runSuites(TestNG.java:1112)
at org.testng.TestNG.run(TestNG.java:1079)
at org.testng.remote.AbstractRemoteTestNG.run(AbstractRemoteTestNG.java:115)
at org.testng.remote.RemoteTestNG.initAndRun(RemoteTestNG.java:293)
at org.testng.remote.RemoteTestNG.main(RemoteTestNG.java:91)
]]>
            </full-stacktrace>
          </exception> <!-- java.lang.AssertionError -->
          <reporter-output>
          </reporter-output>
        </test-method> <!-- removeItemFromCart -->
        <test-method is-config="true" signature="tearDown()[pri:0, instance:com.jerrytest.tests.tests.InventoryTest@3270d194]" started-at="2026-04-13T12:56:22 MDT" name="tearDown" finished-at="2026-04-13T12:56:22 MDT" duration-ms="215" status="PASS">
          <reporter-output>
          </reporter-output>
        </test-method> <!-- tearDown -->
      </class> <!-- com.jerrytest.tests.tests.InventoryTest -->
    </test> <!-- Default test -->
  </suite> <!-- Default suite -->
</testng-results>
